<?xml version='1.0' encoding='UTF-8'?>
<testsuite hostname="MacBook-Pro.fios-router.home" name="example.ListsSuite" tests="6" errors="0" failures="0" skipped="0" time="0.024" timestamp="2019-02-22T22:45:03">
                     <properties>
[...]
</properties>
                     <testcase classname="example.ListsSuite" name="one plus one is two" time="0.017">
                                                 
                                               </testcase><testcase classname="example.ListsSuite" name="one plus one is three?" time="0.001">
                                                 
                                               </testcase><testcase classname="example.ListsSuite" name="details why one plus one is not three" time="0.004">
                                                 
                                               </testcase><testcase classname="example.ListsSuite" name="intNotZero throws an exception if its argument is 0" time="0.0">
                                                 
                                               </testcase><testcase classname="example.ListsSuite" name="sum of a few numbers" time="0.001">
                                                 
                                               </testcase><testcase classname="example.ListsSuite" name="max of a few numbers" time="0.001">
                                                 
                                               </testcase>
                     <system-out><![CDATA[]]></system-out>
                     <system-err><![CDATA[]]></system-err>
                   </testsuite>